\BOOKMARK [1][-]{section.1}{RSA Encryption Scheme}{}% 1
\BOOKMARK [2][-]{subsection.1.1}{Background Math}{section.1}% 2
\BOOKMARK [3][-]{subsubsection.1.1.1}{GCD, Prime Numbers, and Coprimality}{subsection.1.1}% 3
\BOOKMARK [3][-]{subsubsection.1.1.2}{Fermat's Little Theorem and Primality Testing}{subsection.1.1}% 4
\BOOKMARK [3][-]{subsubsection.1.1.3}{Euler's Theorem}{subsection.1.1}% 5
\BOOKMARK [2][-]{subsection.1.2}{Key Generation}{section.1}% 6
\BOOKMARK [2][-]{subsection.1.3}{Encryption}{section.1}% 7
\BOOKMARK [2][-]{subsection.1.4}{Decryption}{section.1}% 8
\BOOKMARK [2][-]{subsection.1.5}{Message Signing}{section.1}% 9
\BOOKMARK [2][-]{subsection.1.6}{Security Measures in Implementation}{section.1}% 10
\BOOKMARK [1][-]{section.2}{ElGamal Encryption Scheme}{}% 11
\BOOKMARK [2][-]{subsection.2.1}{Background Math}{section.2}% 12
\BOOKMARK [2][-]{subsection.2.2}{Key Generation}{section.2}% 13
\BOOKMARK [2][-]{subsection.2.3}{Encryption}{section.2}% 14
\BOOKMARK [2][-]{subsection.2.4}{Decryption}{section.2}% 15
\BOOKMARK [2][-]{subsection.2.5}{Message Signatures}{section.2}% 16
\BOOKMARK [2][-]{subsection.2.6}{Security Measures in Implementation}{section.2}% 17
\BOOKMARK [1][-]{section.3}{AES Encryption Scheme}{}% 18
\BOOKMARK [2][-]{subsection.3.1}{Mathematical Definitions}{section.3}% 19
\BOOKMARK [3][-]{subsubsection.3.1.1}{Addition}{subsection.3.1}% 20
\BOOKMARK [3][-]{subsubsection.3.1.2}{Multiplication}{subsection.3.1}% 21
\BOOKMARK [2][-]{subsection.3.2}{Algorithm Parameters}{section.3}% 22
\BOOKMARK [2][-]{subsection.3.3}{The Algorithm}{section.3}% 23
\BOOKMARK [3][-]{subsubsection.3.3.1}{SubBytes Transformation}{subsection.3.3}% 24
\BOOKMARK [3][-]{subsubsection.3.3.2}{ShiftRows Transformation}{subsection.3.3}% 25
\BOOKMARK [3][-]{subsubsection.3.3.3}{MixColumns Transformation}{subsection.3.3}% 26
\BOOKMARK [3][-]{subsubsection.3.3.4}{AddRoundKey Transformation}{subsection.3.3}% 27
\BOOKMARK [3][-]{subsubsection.3.3.5}{Key Expansion}{subsection.3.3}% 28
\BOOKMARK [2][-]{subsection.3.4}{Encryption}{section.3}% 29
\BOOKMARK [2][-]{subsection.3.5}{Decryption}{section.3}% 30
\BOOKMARK [2][-]{subsection.3.6}{Implementation}{section.3}% 31
\BOOKMARK [1][-]{section.4}{SHA-1}{}% 32
\BOOKMARK [2][-]{subsection.4.1}{SHA-1 Functions}{section.4}% 33
\BOOKMARK [2][-]{subsection.4.2}{SHA-1 Constants}{section.4}% 34
\BOOKMARK [2][-]{subsection.4.3}{Padding}{section.4}% 35
\BOOKMARK [2][-]{subsection.4.4}{Calculating the Hash}{section.4}% 36
\BOOKMARK [2][-]{subsection.4.5}{Implementation}{section.4}% 37
\BOOKMARK [1][-]{section.5}{HMAC}{}% 38
\BOOKMARK [2][-]{subsection.5.1}{MAC Generation}{section.5}% 39
\BOOKMARK [2][-]{subsection.5.2}{Implementation}{section.5}% 40
